2026-02-23 14:31:45,931  INFO      haze.controller  Discovered 0 playlist(s): []
2026-02-23 14:31:45,931  WARNING   haze.controller  sounddevice not installed — soundcard output disabled
2026-02-23 14:34:46,960  INFO      haze.controller  Discovered 1 playlist(s): ['Default']
2026-02-23 14:34:46,960  WARNING   haze.controller  sounddevice not installed — soundcard output disabled
2026-02-23 14:34:46,960  INFO      haze.controller  Playing: 01 Fair Weather
2026-02-23 14:40:01,891  INFO      haze.controller  Discovered 1 playlist(s): ['Default']
2026-02-23 14:40:01,891  WARNING   haze.controller  sounddevice not installed — soundcard output disabled
2026-02-23 14:40:01,891  INFO      haze.controller  Playing: 01 Fair Weather
2026-02-23 14:41:28,006  INFO      haze.controller  Discovered 1 playlist(s): ['Default']
2026-02-23 14:41:28,087  ERROR     haze.controller  Soundcard failed to start: Multiple output devices found for 'Scarlett 2i2 4th Gen':
[6] Scarlett 2i2 4th Gen: USB Audio (hw:2,0), ALSA
[11] Scarlett 2i2 4th Gen Pro, JACK Audio Connection Kit
2026-02-23 14:41:28,087  INFO      haze.controller  Playing: 01 Fair Weather
2026-02-23 14:42:21,230  INFO      haze.controller  Discovered 1 playlist(s): ['Default']
2026-02-23 14:42:21,634  INFO      haze.controller  Soundcard output started
2026-02-23 14:42:21,634  INFO      haze.controller  Playing: 01 Fair Weather
2026-02-23 14:42:51,572  INFO      haze.controller  Playing: 01 Lazy Days
2026-02-23 14:42:56,655  INFO      haze.controller  Playing: 01 Small Town
2026-02-23 14:42:57,520  INFO      haze.controller  Playing: 02 Beach Frolic
2026-02-23 14:42:58,073  INFO      haze.controller  Playing: 02 Good Ole Days
2026-02-23 14:42:58,485  INFO      haze.controller  Playing: 02 The Promise Of Tomorrow
2026-02-23 14:42:59,011  INFO      haze.controller  Playing: 03 Contemporary Jive
2026-02-23 14:42:59,473  INFO      haze.controller  Playing: 03 Jumpin'
2026-02-23 14:42:59,735  INFO      haze.controller  Playing: 03 Winter Tundra
2026-02-23 14:43:00,291  INFO      haze.controller  Playing: 04 Life
2026-02-23 14:43:00,452  INFO      haze.controller  Playing: 04 Light Jazz Tonight
2026-02-23 14:43:00,623  INFO      haze.controller  Playing: 04 Rainy Days
2026-02-23 14:43:01,195  INFO      haze.controller  Playing: 05 Easy Times
2026-02-23 14:43:01,642  INFO      haze.controller  Playing: 05 Midnight Cruise
2026-02-23 14:43:01,869  INFO      haze.controller  Playing: 05 Pastel
2026-02-23 14:43:02,124  INFO      haze.controller  Playing: 06 Evening
2026-02-23 14:43:02,431  INFO      haze.controller  Playing: 06 Kool Kats
2026-02-23 14:43:02,636  INFO      haze.controller  Playing: 06 Tropical Breeze
2026-02-23 14:43:06,497  INFO      haze.controller  Shuffle enabled
2026-02-23 14:43:07,102  INFO      haze.controller  Discovered 1 playlist(s): ['Default']
2026-02-23 14:43:08,504  INFO      haze.controller  Playing: Nite Bloom
2026-02-23 14:43:09,582  INFO      haze.controller  Playing: Contemplation
2026-02-23 14:43:14,110  INFO      haze.controller  Playing: Runner’s Waltz
2026-02-23 14:43:28,445  INFO      haze.controller  Playing: Emily
2026-02-23 14:44:16,077  INFO      haze.controller  Playing: Magic Moment
2026-02-23 14:44:44,303  INFO      haze.controller  Playing: Song for Megan
2026-02-23 14:44:50,481  INFO      haze.controller  Playing: 04 Light Jazz Tonight
2026-02-23 14:44:54,657  INFO      haze.controller  Playing: 08 A New Day
2026-02-23 14:44:59,088  INFO      haze.controller  Playing: Festive
2026-02-23 14:45:04,880  INFO      haze.controller  Playing: Sun Dancer
2026-02-23 14:45:14,499  INFO      haze.controller  Playing: Elle (Remastered)
2026-02-23 14:45:18,985  INFO      haze.controller  Playing: Art Fest
2026-02-23 15:13:00,181  INFO      haze.controller  Discovered 1 playlist(s): ['Default']
2026-02-23 15:13:00,182  INFO      haze.webserver  Web UI starting on http://0.0.0.0:8080
2026-02-23 15:13:00,202  INFO      websockets.server  server listening on 0.0.0.0:8081
2026-02-23 15:13:00,588  INFO      haze.controller  Soundcard output started
2026-02-23 15:13:00,615  INFO      haze.controller  Playing: Fair Weather
2026-02-23 15:13:58,039  INFO      haze.controller  Discovered 1 playlist(s): ['Default']
2026-02-23 15:13:58,039  INFO      haze.webserver  Web UI starting on http://0.0.0.0:8080
2026-02-23 15:13:58,057  INFO      websockets.server  server listening on 0.0.0.0:8081
2026-02-23 15:13:58,444  INFO      haze.controller  Soundcard output started
2026-02-23 15:13:58,455  INFO      haze.controller  Playing: Fair Weather
2026-02-23 15:15:44,761  INFO      haze.controller  Discovered 1 playlist(s): ['Default']
2026-02-23 15:15:44,761  INFO      haze.webserver  Web UI starting on http://0.0.0.0:8080
2026-02-23 15:15:44,781  INFO      websockets.server  server listening on 0.0.0.0:8081
2026-02-23 15:15:45,173  INFO      haze.controller  Soundcard output started
2026-02-23 15:15:45,186  INFO      haze.controller  Playing: Fair Weather
2026-02-23 15:15:50,057  INFO      websockets.server  connection open
2026-02-23 15:15:50,057  INFO      haze.webserver  WS client connected: ('127.0.0.1', 49936)
2026-02-23 15:15:55,651  INFO      haze.controller  Playing: Lazy Days
2026-02-23 15:16:00,539  INFO      haze.controller  Playing: Small Town
2026-02-23 15:16:05,553  INFO      haze.controller  Playing: Beach Frolic
2026-02-23 15:16:06,082  INFO      haze.controller  Playing: Good Ole Days
2026-02-23 15:16:06,595  INFO      haze.controller  Playing: The Promise Of Tomorrow
2026-02-23 15:16:11,361  INFO      haze.controller  Playing: Contemporary Jive
2026-02-23 15:16:11,534  INFO      haze.controller  Playing: Jumpin'
2026-02-23 15:16:11,654  INFO      haze.controller  Playing: Winter Tundra
2026-02-23 15:16:11,775  INFO      haze.controller  Playing: Life
2026-02-23 15:16:11,860  INFO      haze.controller  Playing: Light Jazz Tonight
2026-02-23 15:16:11,994  INFO      haze.controller  Playing: Rainy Days
2026-02-23 15:16:12,117  INFO      haze.controller  Playing: Easy Times
2026-02-23 15:16:12,250  INFO      haze.controller  Playing: Midnight Cruise
2026-02-23 15:16:31,521  INFO      websockets.server  connection closed
2026-02-23 15:16:31,558  INFO      websockets.server  connection open
2026-02-23 15:16:31,558  INFO      haze.webserver  WS client connected: ('127.0.0.1', 44932)
2026-02-23 15:16:49,321  INFO      haze.controller  Shuffle enabled
2026-02-23 15:16:51,984  INFO      haze.controller  Playing: The Noontide Ballad (Remastered)
2026-02-23 15:16:52,403  INFO      haze.controller  Playing: Takin' It Easy
2026-02-23 15:16:52,588  INFO      haze.controller  Playing: Point Venus
2026-02-23 15:16:52,759  INFO      haze.controller  Playing: スルー・ザ・ファイアー
2026-02-23 15:18:11,120  INFO      haze.controller  Playing: In The Summer
2026-02-23 15:18:12,350  INFO      haze.controller  Playing: Cloudy With a Chance of Love
2026-02-23 15:18:15,197  INFO      haze.controller  Playing: Soulful Strut
2026-02-23 15:18:16,747  INFO      haze.controller  Playing: chaquico_proc
2026-02-23 15:18:23,580  INFO      haze.controller  Playing: Brighter Days
2026-02-23 15:18:25,200  INFO      haze.controller  Playing: Funk Dance
2026-02-23 15:18:25,829  INFO      haze.controller  Playing: Wine Cooler
